<?xml version="1.0" encoding="UTF-8"?>
<coverage generated="1589523545751" clover="3.2.0">
  <project timestamp="1589523545751" name="All files">
    <metrics statements="31" coveredstatements="30" conditionals="6" coveredconditionals="5" methods="19" coveredmethods="19" elements="56" coveredelements="54" complexity="0" loc="31" ncloc="31" packages="5" files="6" classes="6"/>
    <package name="src">
      <metrics statements="9" coveredstatements="8" conditionals="2" coveredconditionals="1" methods="7" coveredmethods="7"/>
      <file name="math.js" path="/Users/zhaomeng/Downloads/personal-project/blog/fe-structure/fe-test/2.jest-config/src/math.js">
        <metrics statements="9" coveredstatements="8" conditionals="2" coveredconditionals="1" methods="7" coveredmethods="7"/>
        <line num="2" count="1" type="cond" truecount="1" falsecount="1"/>
        <line num="3" count="0" type="stmt"/>
        <line num="5" count="1" type="stmt"/>
        <line num="8" count="1" type="stmt"/>
        <line num="11" count="1" type="stmt"/>
        <line num="12" count="1" type="stmt"/>
        <line num="16" count="1" type="stmt"/>
        <line num="17" count="1" type="stmt"/>
        <line num="18" count="1" type="stmt"/>
      </file>
    </package>
    <package name="src.mock">
      <metrics statements="7" coveredstatements="7" conditionals="0" coveredconditionals="0" methods="5" coveredmethods="5"/>
      <file name="mock.js" path="/Users/zhaomeng/Downloads/personal-project/blog/fe-structure/fe-test/2.jest-config/src/mock/mock.js">
        <metrics statements="7" coveredstatements="7" conditionals="0" coveredconditionals="0" methods="5" coveredmethods="5"/>
        <line num="3" count="1" type="stmt"/>
        <line num="4" count="1" type="stmt"/>
        <line num="9" count="1" type="stmt"/>
        <line num="13" count="1" type="stmt"/>
        <line num="14" count="1" type="stmt"/>
        <line num="15" count="2" type="stmt"/>
        <line num="17" count="1" type="stmt"/>
      </file>
    </package>
    <package name="src.react-TDD.App">
      <metrics statements="13" coveredstatements="13" conditionals="4" coveredconditionals="4" methods="5" coveredmethods="5"/>
      <file name="Search.jsx" path="/Users/zhaomeng/Downloads/personal-project/blog/fe-structure/fe-test/2.jest-config/src/react-TDD/App/Search.jsx">
        <metrics statements="12" coveredstatements="12" conditionals="4" coveredconditionals="4" methods="4" coveredmethods="4"/>
        <line num="5" count="8" type="stmt"/>
        <line num="6" count="8" type="stmt"/>
        <line num="11" count="8" type="stmt"/>
        <line num="12" count="2" type="stmt"/>
        <line num="13" count="2" type="stmt"/>
        <line num="14" count="2" type="cond" truecount="4" falsecount="0"/>
        <line num="15" count="1" type="stmt"/>
        <line num="16" count="1" type="stmt"/>
        <line num="20" count="8" type="stmt"/>
        <line num="21" count="1" type="stmt"/>
        <line num="25" count="13" type="stmt"/>
        <line num="26" count="13" type="stmt"/>
      </file>
      <file name="app.jsx" path="/Users/zhaomeng/Downloads/personal-project/blog/fe-structure/fe-test/2.jest-config/src/react-TDD/App/app.jsx">
        <metrics statements="1" coveredstatements="1" conditionals="0" coveredconditionals="0" methods="1" coveredmethods="1"/>
        <line num="4" count="1" type="stmt"/>
      </file>
    </package>
    <package name="src.snapshot">
      <metrics statements="1" coveredstatements="1" conditionals="0" coveredconditionals="0" methods="1" coveredmethods="1"/>
      <file name="config.js" path="/Users/zhaomeng/Downloads/personal-project/blog/fe-structure/fe-test/2.jest-config/src/snapshot/config.js">
        <metrics statements="1" coveredstatements="1" conditionals="0" coveredconditionals="0" methods="1" coveredmethods="1"/>
        <line num="2" count="1" type="stmt"/>
      </file>
    </package>
    <package name="src.ts-demo">
      <metrics statements="1" coveredstatements="1" conditionals="0" coveredconditionals="0" methods="1" coveredmethods="1"/>
      <file name="utils.ts" path="/Users/zhaomeng/Downloads/personal-project/blog/fe-structure/fe-test/2.jest-config/src/ts-demo/utils.ts">
        <metrics statements="1" coveredstatements="1" conditionals="0" coveredconditionals="0" methods="1" coveredmethods="1"/>
        <line num="2" count="1" type="stmt"/>
      </file>
    </package>
  </project>
</coverage>
