{"/Users/zhaomeng/Downloads/personal-project/blog/fe-structure/fe-test/2.jest-config/src/math.js": {"path":"/Users/zhaomeng/Downloads/personal-project/blog/fe-structure/fe-test/2.jest-config/src/math.js","statementMap":{"0":{"start":{"line":2,"column":2},"end":{"line":4,"column":3}},"1":{"start":{"line":3,"column":4},"end":{"line":3,"column":27}},"2":{"start":{"line":5,"column":2},"end":{"line":5,"column":15}},"3":{"start":{"line":8,"column":2},"end":{"line":8,"column":14}},"4":{"start":{"line":11,"column":2},"end":{"line":13,"column":11}},"5":{"start":{"line":12,"column":4},"end":{"line":12,"column":19}},"6":{"start":{"line":16,"column":2},"end":{"line":20,"column":4}},"7":{"start":{"line":17,"column":4},"end":{"line":19,"column":13}},"8":{"start":{"line":18,"column":6},"end":{"line":18,"column":26}}},"fnMap":{"0":{"name":"add","decl":{"start":{"line":1,"column":9},"end":{"line":1,"column":12}},"loc":{"start":{"line":1,"column":19},"end":{"line":6,"column":1}},"line":1},"1":{"name":"minus","decl":{"start":{"line":7,"column":9},"end":{"line":7,"column":14}},"loc":{"start":{"line":7,"column":21},"end":{"line":9,"column":1}},"line":7},"2":{"name":"fetchData","decl":{"start":{"line":10,"column":9},"end":{"line":10,"column":18}},"loc":{"start":{"line":10,"column":23},"end":{"line":14,"column":1}},"line":10},"3":{"name":"(anonymous_3)","decl":{"start":{"line":11,"column":13},"end":{"line":11,"column":14}},"loc":{"start":{"line":11,"column":19},"end":{"line":13,"column":3}},"line":11},"4":{"name":"fetchDataPromise","decl":{"start":{"line":15,"column":9},"end":{"line":15,"column":25}},"loc":{"start":{"line":15,"column":28},"end":{"line":21,"column":1}},"line":15},"5":{"name":"(anonymous_5)","decl":{"start":{"line":16,"column":21},"end":{"line":16,"column":22}},"loc":{"start":{"line":16,"column":42},"end":{"line":20,"column":3}},"line":16},"6":{"name":"(anonymous_6)","decl":{"start":{"line":17,"column":15},"end":{"line":17,"column":16}},"loc":{"start":{"line":17,"column":21},"end":{"line":19,"column":5}},"line":17}},"branchMap":{"0":{"loc":{"start":{"line":2,"column":2},"end":{"line":4,"column":3}},"type":"if","locations":[{"start":{"line":2,"column":2},"end":{"line":4,"column":3}},{"start":{"line":2,"column":2},"end":{"line":4,"column":3}}],"line":2}},"s":{"0":1,"1":0,"2":1,"3":1,"4":1,"5":1,"6":1,"7":1,"8":1},"f":{"0":1,"1":1,"2":1,"3":1,"4":1,"5":1,"6":1},"b":{"0":[0,1]},"_coverageSchema":"1a1c01bbd47fc00a2c39e90264f33305004495a9","hash":"fa16c0c7dfcc9b0b0332f9f24ddb33aade07b064"}
,"/Users/zhaomeng/Downloads/personal-project/blog/fe-structure/fe-test/2.jest-config/src/mock/mock.js": {"path":"/Users/zhaomeng/Downloads/personal-project/blog/fe-structure/fe-test/2.jest-config/src/mock/mock.js","statementMap":{"0":{"start":{"line":3,"column":2},"end":{"line":5,"column":11}},"1":{"start":{"line":4,"column":4},"end":{"line":4,"column":12}},"2":{"start":{"line":9,"column":2},"end":{"line":9,"column":46}},"3":{"start":{"line":9,"column":36},"end":{"line":9,"column":44}},"4":{"start":{"line":13,"column":10},"end":{"line":13,"column":12}},"5":{"start":{"line":14,"column":2},"end":{"line":16,"column":3}},"6":{"start":{"line":14,"column":19},"end":{"line":14,"column":20}},"7":{"start":{"line":15,"column":4},"end":{"line":15,"column":42}},"8":{"start":{"line":17,"column":2},"end":{"line":17,"column":11}}},"fnMap":{"0":{"name":"cbTest","decl":{"start":{"line":2,"column":9},"end":{"line":2,"column":15}},"loc":{"start":{"line":2,"column":20},"end":{"line":6,"column":1}},"line":2},"1":{"name":"(anonymous_1)","decl":{"start":{"line":3,"column":13},"end":{"line":3,"column":14}},"loc":{"start":{"line":3,"column":19},"end":{"line":5,"column":3}},"line":3},"2":{"name":"fetchList","decl":{"start":{"line":8,"column":9},"end":{"line":8,"column":18}},"loc":{"start":{"line":8,"column":21},"end":{"line":10,"column":1}},"line":8},"3":{"name":"(anonymous_3)","decl":{"start":{"line":9,"column":29},"end":{"line":9,"column":30}},"loc":{"start":{"line":9,"column":36},"end":{"line":9,"column":44}},"line":9},"4":{"name":"map","decl":{"start":{"line":12,"column":9},"end":{"line":12,"column":12}},"loc":{"start":{"line":12,"column":30},"end":{"line":18,"column":1}},"line":12}},"branchMap":{},"s":{"0":1,"1":1,"2":1,"3":1,"4":1,"5":1,"6":1,"7":2,"8":1},"f":{"0":1,"1":1,"2":1,"3":1,"4":1},"b":{},"_coverageSchema":"1a1c01bbd47fc00a2c39e90264f33305004495a9","hash":"295c66276dd8131a7d59eb75afed9809ff88cc1e"}
,"/Users/zhaomeng/Downloads/personal-project/blog/fe-structure/fe-test/2.jest-config/src/react-TDD/App/Search.jsx": {"path":"/Users/zhaomeng/Downloads/personal-project/blog/fe-structure/fe-test/2.jest-config/src/react-TDD/App/Search.jsx","statementMap":{"0":{"start":{"line":5,"column":4},"end":{"line":5,"column":16}},"1":{"start":{"line":6,"column":4},"end":{"line":8,"column":5}},"2":{"start":{"line":11,"column":21},"end":{"line":18,"column":3}},"3":{"start":{"line":12,"column":22},"end":{"line":12,"column":32}},"4":{"start":{"line":13,"column":25},"end":{"line":13,"column":35}},"5":{"start":{"line":14,"column":4},"end":{"line":17,"column":5}},"6":{"start":{"line":15,"column":6},"end":{"line":15,"column":21}},"7":{"start":{"line":16,"column":6},"end":{"line":16,"column":34}},"8":{"start":{"line":20,"column":22},"end":{"line":22,"column":3}},"9":{"start":{"line":21,"column":4},"end":{"line":21,"column":44}},"10":{"start":{"line":25,"column":22},"end":{"line":25,"column":32}},"11":{"start":{"line":26,"column":4},"end":{"line":38,"column":5}}},"fnMap":{"0":{"name":"(anonymous_0)","decl":{"start":{"line":4,"column":2},"end":{"line":4,"column":3}},"loc":{"start":{"line":4,"column":21},"end":{"line":9,"column":3}},"line":4},"1":{"name":"(anonymous_1)","decl":{"start":{"line":11,"column":21},"end":{"line":11,"column":22}},"loc":{"start":{"line":11,"column":28},"end":{"line":18,"column":3}},"line":11},"2":{"name":"(anonymous_2)","decl":{"start":{"line":20,"column":22},"end":{"line":20,"column":23}},"loc":{"start":{"line":20,"column":29},"end":{"line":22,"column":3}},"line":20},"3":{"name":"(anonymous_3)","decl":{"start":{"line":24,"column":2},"end":{"line":24,"column":3}},"loc":{"start":{"line":24,"column":11},"end":{"line":39,"column":3}},"line":24}},"branchMap":{"0":{"loc":{"start":{"line":14,"column":4},"end":{"line":17,"column":5}},"type":"if","locations":[{"start":{"line":14,"column":4},"end":{"line":17,"column":5}},{"start":{"line":14,"column":4},"end":{"line":17,"column":5}}],"line":14},"1":{"loc":{"start":{"line":14,"column":8},"end":{"line":14,"column":33}},"type":"binary-expr","locations":[{"start":{"line":14,"column":8},"end":{"line":14,"column":24}},{"start":{"line":14,"column":28},"end":{"line":14,"column":33}}],"line":14}},"s":{"0":8,"1":8,"2":8,"3":2,"4":2,"5":2,"6":1,"7":1,"8":8,"9":1,"10":13,"11":13},"f":{"0":8,"1":2,"2":1,"3":13},"b":{"0":[1,1],"1":[2,2]},"_coverageSchema":"1a1c01bbd47fc00a2c39e90264f33305004495a9","hash":"4da3453cb8a245b73697837473547c4e70d1a052"}
,"/Users/zhaomeng/Downloads/personal-project/blog/fe-structure/fe-test/2.jest-config/src/react-TDD/App/app.jsx": {"path":"/Users/zhaomeng/Downloads/personal-project/blog/fe-structure/fe-test/2.jest-config/src/react-TDD/App/app.jsx","statementMap":{"0":{"start":{"line":4,"column":2},"end":{"line":9,"column":4}}},"fnMap":{"0":{"name":"App","decl":{"start":{"line":3,"column":9},"end":{"line":3,"column":12}},"loc":{"start":{"line":3,"column":15},"end":{"line":10,"column":1}},"line":3}},"branchMap":{},"s":{"0":1},"f":{"0":1},"b":{},"_coverageSchema":"1a1c01bbd47fc00a2c39e90264f33305004495a9","hash":"e5413b81ed8a7310f265a77b7289e21d20e96869"}
,"/Users/zhaomeng/Downloads/personal-project/blog/fe-structure/fe-test/2.jest-config/src/snapshot/config.js": {"path":"/Users/zhaomeng/Downloads/personal-project/blog/fe-structure/fe-test/2.jest-config/src/snapshot/config.js","statementMap":{"0":{"start":{"line":2,"column":2},"end":{"line":5,"column":3}}},"fnMap":{"0":{"name":"config","decl":{"start":{"line":1,"column":9},"end":{"line":1,"column":15}},"loc":{"start":{"line":1,"column":18},"end":{"line":6,"column":1}},"line":1}},"branchMap":{},"s":{"0":1},"f":{"0":1},"b":{},"_coverageSchema":"1a1c01bbd47fc00a2c39e90264f33305004495a9","hash":"44713e5edd0100d62397729e85b307470c972eb5"}
,"/Users/zhaomeng/Downloads/personal-project/blog/fe-structure/fe-test/2.jest-config/src/ts-demo/utils.ts": {"path":"/Users/zhaomeng/Downloads/personal-project/blog/fe-structure/fe-test/2.jest-config/src/ts-demo/utils.ts","statementMap":{"0":{"start":{"line":2,"column":2},"end":{"line":2,"column":15}}},"fnMap":{"0":{"name":"sum","decl":{"start":{"line":1,"column":9},"end":{"line":1,"column":12}},"loc":{"start":{"line":1,"column":43},"end":{"line":3,"column":1}},"line":1}},"branchMap":{},"s":{"0":1},"f":{"0":1},"b":{},"_coverageSchema":"1a1c01bbd47fc00a2c39e90264f33305004495a9","hash":"9f659b50e3159406faebe5fb8ace9f82f5a91d01"}
}
