TN:
SF:src/math.js
FN:1,add
FN:7,minus
FN:10,fetchData
FN:11,(anonymous_3)
FN:15,fetchDataPromise
FN:16,(anonymous_5)
FN:17,(anonymous_6)
FNF:7
FNH:7
FNDA:1,add
FNDA:1,minus
FNDA:1,fetchData
FNDA:1,(anonymous_3)
FNDA:1,fetchDataPromise
FNDA:1,(anonymous_5)
FNDA:1,(anonymous_6)
DA:2,1
DA:3,0
DA:5,1
DA:8,1
DA:11,1
DA:12,1
DA:16,1
DA:17,1
DA:18,1
LF:9
LH:8
BRDA:2,0,0,0
BRDA:2,0,1,1
BRF:2
BRH:1
end_of_record
TN:
SF:src/mock/mock.js
FN:2,cbTest
FN:3,(anonymous_1)
FN:8,fetchList
FN:9,(anonymous_3)
FN:12,map
FNF:5
FNH:5
FNDA:1,cbTest
FNDA:1,(anonymous_1)
FNDA:1,fetchList
FNDA:1,(anonymous_3)
FNDA:1,map
DA:3,1
DA:4,1
DA:9,1
DA:13,1
DA:14,1
DA:15,2
DA:17,1
LF:7
LH:7
BRF:0
BRH:0
end_of_record
TN:
SF:src/react-TDD/App/Search.jsx
FN:4,(anonymous_0)
FN:11,(anonymous_1)
FN:20,(anonymous_2)
FN:24,(anonymous_3)
FNF:4
FNH:4
FNDA:8,(anonymous_0)
FNDA:2,(anonymous_1)
FNDA:1,(anonymous_2)
FNDA:13,(anonymous_3)
DA:5,8
DA:6,8
DA:11,8
DA:12,2
DA:13,2
DA:14,2
DA:15,1
DA:16,1
DA:20,8
DA:21,1
DA:25,13
DA:26,13
LF:12
LH:12
BRDA:14,0,0,1
BRDA:14,0,1,1
BRDA:14,1,0,2
BRDA:14,1,1,2
BRF:4
BRH:4
end_of_record
TN:
SF:src/react-TDD/App/app.jsx
FN:3,App
FNF:1
FNH:1
FNDA:1,App
DA:4,1
LF:1
LH:1
BRF:0
BRH:0
end_of_record
TN:
SF:src/snapshot/config.js
FN:1,config
FNF:1
FNH:1
FNDA:1,config
DA:2,1
LF:1
LH:1
BRF:0
BRH:0
end_of_record
TN:
SF:src/ts-demo/utils.ts
FN:1,sum
FNF:1
FNH:1
FNDA:1,sum
DA:2,1
LF:1
LH:1
BRF:0
BRH:0
end_of_record
